<?xml version="1.0" encoding="UTF-8"?>
<!-- Generated by org.testng.reporters.JUnitReportReporter -->
<testsuite hostname="ADMIN" failures="0" tests="3" name="com.facebook.qa.test.LoginPageTest" time="27.435" errors="0" timestamp="2022-08-16T22:41:18 IST" skipped="1">
  <testcase classname="com.facebook.qa.test.LoginPageTest" name="loginTest" time="11.429">
    <skipped/>
  </testcase> <!-- loginTest -->
  <system-out/>
  <testcase classname="com.facebook.qa.test.LoginPageTest" name="LoginPageTitle" time="14.656"/>
  <system-out/>
  <testcase classname="com.facebook.qa.test.LoginPageTest" name="loginTest" time="1.350"/>
  <system-out/>
</testsuite> <!-- com.facebook.qa.test.LoginPageTest -->
