<?xml version="1.0" encoding="UTF-8"?>
<!-- Generated by org.testng.reporters.JUnitReportReporter -->
<testsuite hostname="ADMIN" failures="0" tests="1" name="com.facebook.qa.test.SignUpPageTest" time="25.833" errors="0" timestamp="2022-08-16T22:41:18 IST" skipped="0">
  <testcase classname="com.facebook.qa.test.SignUpPageTest" name="createNewAccountTest" time="25.833"/>
  <system-out/>
</testsuite> <!-- com.facebook.qa.test.SignUpPageTest -->
